<?xml version="1.0" encoding="UTF-8"?>
<testsuite xmlns:xsi="http://www.w3.org/2001/XMLSchema-instance" xsi:noNamespaceSchemaLocation="https://maven.apache.org/surefire/maven-surefire-plugin/xsd/surefire-test-report.xsd" name="CryptoTest" time="0.77" tests="2" errors="0" skipped="0" failures="0">
  <properties>
[...]
</properties>
  <testcase name="Test_validatePassword" classname="CryptoTest" time="0.517"/>
  <testcase name="Test_getSHAPassword" classname="CryptoTest" time="0.247"/>
</testsuite>